Traceback (most recent call last):
  File "/home/climatecommander/src/modbus/mbus.py", line 37, in <module>
    cursor.execute(get_ctrls_q)
  File "/usr/local/lib/python2.7/dist-packages/MySQLdb/cursors.py", line 205, in execute
    self.errorhandler(self, exc, value)
  File "/usr/local/lib/python2.7/dist-packages/MySQLdb/connections.py", line 36, in defaulterrorhandler
    raise errorclass, errorvalue
_mysql_exceptions.ProgrammingError: (1146, "Table 'celse.ctrls' doesn't exist")
Traceback (most recent call last):
  File "/home/climatecommander/src/modbus/mbus.py", line 79, in <module>
    if (ctrl.synchonise() == False):
  File "/home/climatecommander/src/modbus/domodule.py", line 64, in synchonise
    self.set_offliune_to_db()
  File "/home/climatecommander/src/modbus/abstract_driver.py", line 62, in set_offliune_to_db
    self.cursor.execute(set_online_q)
  File "/usr/local/lib/python2.7/dist-packages/MySQLdb/cursors.py", line 205, in execute
    self.errorhandler(self, exc, value)
  File "/usr/local/lib/python2.7/dist-packages/MySQLdb/connections.py", line 36, in defaulterrorhandler
    raise errorclass, errorvalue
_mysql_exceptions.OperationalError: (1053, 'Server shutdown in progress')
Traceback (most recent call last):
  File "/home/climatecommander/src/modbus/mbus.py", line 79, in <module>
    if (ctrl.synchonise() == False):
  File "/home/climatecommander/src/modbus/domodule.py", line 64, in synchonise
    self.set_offliune_to_db()
  File "/home/climatecommander/src/modbus/abstract_driver.py", line 62, in set_offliune_to_db
    self.cursor.execute(set_online_q)
  File "/usr/local/lib/python2.7/dist-packages/MySQLdb/cursors.py", line 205, in execute
    self.errorhandler(self, exc, value)
  File "/usr/local/lib/python2.7/dist-packages/MySQLdb/connections.py", line 36, in defaulterrorhandler
    raise errorclass, errorvalue
_mysql_exceptions.OperationalError: (1053, 'Server shutdown in progress')
Traceback (most recent call last):
  File "/home/climatecommander/src/modbus/mbus.py", line 79, in <module>
    if (ctrl.synchonise() == False):
  File "/home/climatecommander/src/modbus/fancoil.py", line 79, in synchonise
    self.set_offliune_to_db()
  File "/home/climatecommander/src/modbus/abstract_driver.py", line 62, in set_offliune_to_db
    self.cursor.execute(set_online_q)
  File "/usr/local/lib/python2.7/dist-packages/MySQLdb/cursors.py", line 205, in execute
    self.errorhandler(self, exc, value)
  File "/usr/local/lib/python2.7/dist-packages/MySQLdb/connections.py", line 36, in defaulterrorhandler
    raise errorclass, errorvalue
_mysql_exceptions.OperationalError: (1053, 'Server shutdown in progress')
Traceback (most recent call last):
  File "/home/climatecommander/src/modbus/mbus.py", line 34, in <module>
    db = MySQLdb.connect("localhost","root","vertrigo","celse" )
  File "/usr/local/lib/python2.7/dist-packages/MySQLdb/__init__.py", line 81, in Connect
    return Connection(*args, **kwargs)
  File "/usr/local/lib/python2.7/dist-packages/MySQLdb/connections.py", line 193, in __init__
    super(Connection, self).__init__(*args, **kwargs2)
_mysql_exceptions.OperationalError: (2002, "Can't connect to local MySQL server through socket '/var/run/mysqld/mysqld.sock' (2)")
Traceback (most recent call last):
  File "/home/climatecommander/src/modbus/mbus.py", line 79, in <module>
    if (ctrl.synchonise() == False):
  File "/home/climatecommander/src/modbus/fancoil.py", line 79, in synchonise
    self.set_offliune_to_db()
  File "/home/climatecommander/src/modbus/abstract_driver.py", line 62, in set_offliune_to_db
    self.cursor.execute(set_online_q)
  File "/usr/local/lib/python2.7/dist-packages/MySQLdb/cursors.py", line 205, in execute
    self.errorhandler(self, exc, value)
  File "/usr/local/lib/python2.7/dist-packages/MySQLdb/connections.py", line 36, in defaulterrorhandler
    raise errorclass, errorvalue
_mysql_exceptions.OperationalError: (1053, 'Server shutdown in progress')
Traceback (most recent call last):
  File "/home/climatecommander/src/modbus/mbus.py", line 49, in <module>
    cursor.execute(get_params_q)
  File "/usr/local/lib/python2.7/dist-packages/MySQLdb/cursors.py", line 205, in execute
    self.errorhandler(self, exc, value)
  File "/usr/local/lib/python2.7/dist-packages/MySQLdb/connections.py", line 36, in defaulterrorhandler
    raise errorclass, errorvalue
_mysql_exceptions.OperationalError: (1053, 'Server shutdown in progress')
Traceback (most recent call last):
  File "/home/climatecommander/src/modbus/mbus.py", line 79, in <module>
    if (ctrl.synchonise() == False):
  File "/home/climatecommander/src/modbus/fancoil.py", line 79, in synchonise
    self.set_offliune_to_db()
  File "/home/climatecommander/src/modbus/abstract_driver.py", line 62, in set_offliune_to_db
    self.cursor.execute(set_online_q)
  File "/usr/local/lib/python2.7/dist-packages/MySQLdb/cursors.py", line 205, in execute
    self.errorhandler(self, exc, value)
  File "/usr/local/lib/python2.7/dist-packages/MySQLdb/connections.py", line 36, in defaulterrorhandler
    raise errorclass, errorvalue
_mysql_exceptions.OperationalError: (1053, 'Server shutdown in progress')
Traceback (most recent call last):
  File "/home/climatecommander/src/modbus/mbus.py", line 79, in <module>
    if (ctrl.synchonise() == False):
  File "/home/climatecommander/src/modbus/fancoil.py", line 79, in synchonise
    self.set_offliune_to_db()
  File "/home/climatecommander/src/modbus/abstract_driver.py", line 62, in set_offliune_to_db
    self.cursor.execute(set_online_q)
  File "/usr/local/lib/python2.7/dist-packages/MySQLdb/cursors.py", line 205, in execute
    self.errorhandler(self, exc, value)
  File "/usr/local/lib/python2.7/dist-packages/MySQLdb/connections.py", line 36, in defaulterrorhandler
    raise errorclass, errorvalue
_mysql_exceptions.OperationalError: (1053, 'Server shutdown in progress')
Traceback (most recent call last):
  File "/home/climatecommander/src/modbus/mbus.py", line 79, in <module>
    if (ctrl.synchonise() == False):
  File "/home/climatecommander/src/modbus/fancoil.py", line 79, in synchonise
    self.set_offliune_to_db()
  File "/home/climatecommander/src/modbus/abstract_driver.py", line 62, in set_offliune_to_db
    self.cursor.execute(set_online_q)
  File "/usr/local/lib/python2.7/dist-packages/MySQLdb/cursors.py", line 205, in execute
    self.errorhandler(self, exc, value)
  File "/usr/local/lib/python2.7/dist-packages/MySQLdb/connections.py", line 36, in defaulterrorhandler
    raise errorclass, errorvalue
_mysql_exceptions.OperationalError: (1053, 'Server shutdown in progress')
Traceback (most recent call last):
  File "/home/climatecommander/src/modbus/mbus.py", line 79, in <module>
    if (ctrl.synchonise() == False):
  File "/home/climatecommander/src/modbus/fancoil.py", line 79, in synchonise
    self.set_offliune_to_db()
  File "/home/climatecommander/src/modbus/abstract_driver.py", line 62, in set_offliune_to_db
    self.cursor.execute(set_online_q)
  File "/usr/local/lib/python2.7/dist-packages/MySQLdb/cursors.py", line 205, in execute
    self.errorhandler(self, exc, value)
  File "/usr/local/lib/python2.7/dist-packages/MySQLdb/connections.py", line 36, in defaulterrorhandler
    raise errorclass, errorvalue
_mysql_exceptions.OperationalError: (1053, 'Server shutdown in progress')
Traceback (most recent call last):
  File "/home/climatecommander/src/modbus/mbus.py", line 34, in <module>
    db = MySQLdb.connect("localhost","root","vertrigo","celse" )
  File "/usr/local/lib/python2.7/dist-packages/MySQLdb/__init__.py", line 81, in Connect
    return Connection(*args, **kwargs)
  File "/usr/local/lib/python2.7/dist-packages/MySQLdb/connections.py", line 193, in __init__
    super(Connection, self).__init__(*args, **kwargs2)
_mysql_exceptions.OperationalError: (2002, "Can't connect to local MySQL server through socket '/var/run/mysqld/mysqld.sock' (2)")
Traceback (most recent call last):
  File "/home/climatecommander/src/modbus/mbus.py", line 79, in <module>
    if (ctrl.synchonise() == False):
  File "/home/climatecommander/src/modbus/fancoil.py", line 79, in synchonise
    self.set_offliune_to_db()
  File "/home/climatecommander/src/modbus/abstract_driver.py", line 62, in set_offliune_to_db
    self.cursor.execute(set_online_q)
  File "/usr/local/lib/python2.7/dist-packages/MySQLdb/cursors.py", line 205, in execute
    self.errorhandler(self, exc, value)
  File "/usr/local/lib/python2.7/dist-packages/MySQLdb/connections.py", line 36, in defaulterrorhandler
    raise errorclass, errorvalue
_mysql_exceptions.OperationalError: (1053, 'Server shutdown in progress')
Traceback (most recent call last):
  File "/home/climatecommander/src/modbus/mbus.py", line 79, in <module>
    if (ctrl.synchonise() == False):
  File "/home/climatecommander/src/modbus/fancoil.py", line 79, in synchonise
    self.set_offliune_to_db()
  File "/home/climatecommander/src/modbus/abstract_driver.py", line 62, in set_offliune_to_db
    self.cursor.execute(set_online_q)
  File "/usr/local/lib/python2.7/dist-packages/MySQLdb/cursors.py", line 205, in execute
    self.errorhandler(self, exc, value)
  File "/usr/local/lib/python2.7/dist-packages/MySQLdb/connections.py", line 36, in defaulterrorhandler
    raise errorclass, errorvalue
_mysql_exceptions.OperationalError: (1053, 'Server shutdown in progress')
Traceback (most recent call last):
  File "/home/climatecommander/src/modbus/mbus.py", line 79, in <module>
    if (ctrl.synchonise() == False):
  File "/home/climatecommander/src/modbus/fancoil.py", line 79, in synchonise
    self.set_offliune_to_db()
  File "/home/climatecommander/src/modbus/abstract_driver.py", line 62, in set_offliune_to_db
    self.cursor.execute(set_online_q)
  File "/usr/local/lib/python2.7/dist-packages/MySQLdb/cursors.py", line 205, in execute
    self.errorhandler(self, exc, value)
  File "/usr/local/lib/python2.7/dist-packages/MySQLdb/connections.py", line 36, in defaulterrorhandler
    raise errorclass, errorvalue
_mysql_exceptions.OperationalError: (1053, 'Server shutdown in progress')
Traceback (most recent call last):
  File "/home/climatecommander/src/modbus/mbus.py", line 79, in <module>
    if (ctrl.synchonise() == False):
  File "/home/climatecommander/src/modbus/fancoil.py", line 79, in synchonise
    self.set_offliune_to_db()
  File "/home/climatecommander/src/modbus/abstract_driver.py", line 62, in set_offliune_to_db
    self.cursor.execute(set_online_q)
  File "/usr/local/lib/python2.7/dist-packages/MySQLdb/cursors.py", line 205, in execute
    self.errorhandler(self, exc, value)
  File "/usr/local/lib/python2.7/dist-packages/MySQLdb/connections.py", line 36, in defaulterrorhandler
    raise errorclass, errorvalue
_mysql_exceptions.OperationalError: (1053, 'Server shutdown in progress')
